C51 COMPILER V9.56.0.0   DAC                                                               12/18/2022 21:08:25 PAGE 1   


C51 COMPILER V9.56.0.0, COMPILATION OF MODULE DAC
OBJECT MODULE PLACED IN .\Objects\DAC.obj
COMPILER INVOKED BY: D:\Program Files\keil51\C51\BIN\C51.EXE Code\DAC.c OPTIMIZE(8,SPEED) BROWSE INCDIR(.\Code) DEBUG OB
                    -JECTEXTEND PRINT(.\Listings\DAC.lst) TABS(2) OBJECT(.\Objects\DAC.obj)

line level    source

   1          #include "reg52.h"
   2          #include "headfile.h"
   3          
   4          #define DAC 0xF5FF
   5          
   6          void DA_Out()
   7          {
   8   1      ////  PA=adc_value;  
   9   1      //  PA=data_filtered;   
  10   1      //  dac_channel=0;   //da转化开始的标志
  11   1      ////  PA= adc_value%10+(adc_value/10)*16;
  12   1      //  PA= data_filtered%10+(data_filtered/10)*16;
  13   1        
  14   1        PA=adc_value;
  15   1        XBYTE[DAC] = 0xff;
  16   1      }


MODULE INFORMATION:   STATIC OVERLAYABLE
   CODE SIZE        =     13    ----
   CONSTANT SIZE    =   ----    ----
   XDATA SIZE       =   ----    ----
   PDATA SIZE       =   ----    ----
   DATA SIZE        =   ----    ----
   IDATA SIZE       =   ----    ----
   BIT SIZE         =   ----    ----
END OF MODULE INFORMATION.


C51 COMPILATION COMPLETE.  0 WARNING(S),  0 ERROR(S)
