C51 COMPILER V9.56.0.0   DISP                                                              12/18/2022 17:33:06 PAGE 1   


C51 COMPILER V9.56.0.0, COMPILATION OF MODULE DISP
OBJECT MODULE PLACED IN .\Objects\Disp.obj
COMPILER INVOKED BY: D:\Program Files\keil51\C51\BIN\C51.EXE Code\Disp.c OPTIMIZE(8,SPEED) BROWSE INCDIR(.\Code) DEBUG O
                    -BJECTEXTEND PRINT(.\Listings\Disp.lst) TABS(2) OBJECT(.\Objects\Disp.obj)

line level    source

   1          #include "reg52.h"
   2          #include "headfile.h"
   3          
   4          void Disp_Init()
   5          {
   6   1        commond=0x0d;
   7   1      }
   8          
   9          void Disp_Dig(uchar channel, uchar adc_value)
  10          {
  11   1        uchar adc_disp;
  12   1        adc_disp = (adc_value/10)*16 + adc_value%10;
  13   1        PC = channel;
  14   1        PA = adc_disp;
  15   1      }


MODULE INFORMATION:   STATIC OVERLAYABLE
   CODE SIZE        =     36    ----
   CONSTANT SIZE    =   ----    ----
   XDATA SIZE       =   ----    ----
   PDATA SIZE       =   ----    ----
   DATA SIZE        =   ----    ----
   IDATA SIZE       =   ----    ----
   BIT SIZE         =   ----    ----
END OF MODULE INFORMATION.


C51 COMPILATION COMPLETE.  0 WARNING(S),  0 ERROR(S)
