C51 COMPILER V9.56.0.0   KEY                                                               12/18/2022 17:33:07 PAGE 1   


C51 COMPILER V9.56.0.0, COMPILATION OF MODULE KEY
OBJECT MODULE PLACED IN .\Objects\Key.obj
COMPILER INVOKED BY: D:\Program Files\keil51\C51\BIN\C51.EXE Code\Key.c OPTIMIZE(8,SPEED) BROWSE INCDIR(.\Code) DEBUG OB
                    -JECTEXTEND PRINT(.\Listings\Key.lst) TABS(2) OBJECT(.\Objects\Key.obj)

line level    source

   1          #include "reg52.h"
   2          #include "headfile.h"
   3          
   4          sbit  mode_key = P2^2; //手动、自动切换按键
   5          bit mode = 0;//0手动 1自动
   6          
   7          void Mode_Read()
   8          {
   9   1        mode = mode_key;
  10   1      }


MODULE INFORMATION:   STATIC OVERLAYABLE
   CODE SIZE        =      5    ----
   CONSTANT SIZE    =   ----    ----
   XDATA SIZE       =   ----    ----
   PDATA SIZE       =   ----    ----
   DATA SIZE        =   ----    ----
   IDATA SIZE       =   ----    ----
   BIT SIZE         =      1    ----
END OF MODULE INFORMATION.


C51 COMPILATION COMPLETE.  0 WARNING(S),  0 ERROR(S)
