C51 COMPILER V9.56.0.0   SORT                                                              12/18/2022 17:33:07 PAGE 1   


C51 COMPILER V9.56.0.0, COMPILATION OF MODULE SORT
OBJECT MODULE PLACED IN .\Objects\Sort.obj
COMPILER INVOKED BY: D:\Program Files\keil51\C51\BIN\C51.EXE Code\Sort.c OPTIMIZE(8,SPEED) BROWSE INCDIR(.\Code) DEBUG O
                    -BJECTEXTEND PRINT(.\Listings\Sort.lst) TABS(2) OBJECT(.\Objects\Sort.obj)

line level    source

   1          #include "reg52.h"
   2          #include "headfile.h"
   3          
   4          void Bubble_Sort(uchar arr[], uchar len) 
   5          {
   6   1        int i, j, temp;
   7   1        for (i = 0; i < len - 1; i++)
   8   1        {
   9   2          for (j = 0; j < len - 1 - i; j++)
  10   2          {
  11   3            if (arr[j] > arr[j + 1]) 
  12   3              {
  13   4                temp = arr[j];
  14   4                arr[j] = arr[j + 1];
  15   4                arr[j + 1] = temp;
  16   4              }
  17   3          }
  18   2        }
  19   1      }
  20          
  21          uchar Mid_Sort(uchar arr[], uchar len)
  22          {
  23   1        uchar data_temp;
  24   1        
  25   1        Bubble_Sort(arr,len);
  26   1        
  27   1        if(len%2 == 1)
  28   1        {
  29   2          data_temp = arr[(len-1)/2];
  30   2        }
  31   1        else
  32   1        {
  33   2          data_temp = (arr[len/2] + arr[len/2-1])/2;
  34   2        }
  35   1        
  36   1        return data_temp;
  37   1      }


MODULE INFORMATION:   STATIC OVERLAYABLE
   CODE SIZE        =    277    ----
   CONSTANT SIZE    =   ----    ----
   XDATA SIZE       =   ----    ----
   PDATA SIZE       =   ----    ----
   DATA SIZE        =   ----      14
   IDATA SIZE       =   ----    ----
   BIT SIZE         =   ----    ----
END OF MODULE INFORMATION.


C51 COMPILATION COMPLETE.  0 WARNING(S),  0 ERROR(S)
