C51 COMPILER V9.56.0.0   TIMER                                                             12/18/2022 17:33:07 PAGE 1   


C51 COMPILER V9.56.0.0, COMPILATION OF MODULE TIMER
OBJECT MODULE PLACED IN .\Objects\Timer.obj
COMPILER INVOKED BY: D:\Program Files\keil51\C51\BIN\C51.EXE Code\Timer.c OPTIMIZE(8,SPEED) BROWSE INCDIR(.\Code) DEBUG 
                    -OBJECTEXTEND PRINT(.\Listings\Timer.lst) TABS(2) OBJECT(.\Objects\Timer.obj)

line level    source

   1          #include "reg52.h"
   2          #include "headfile.h"
   3          
   4          uchar channel = 0;
   5          bit AdGet_Flag = 0;
   6          
   7          void Timer0_Init(void)
   8          {
   9   1        TMOD=0x11;   //定时器模式
  10   1        TH0=(65536-50000)/256;   //初始值,50ms
  11   1        TL0=(65536-50000)%256;
  12   1        EA=1; //中断总开关
  13   1        ET0=1;  //定时器中断开启
  14   1        TR0=1;  //定时器开启
  15   1      }
  16          
  17          void Timer0_Server()interrupt 1
  18          {
  19   1      //  static uchar time0_cnt=0; //用于定时器统计进入几次
  20   1        static uchar cnt_100ms;
  21   1        static uchar cnt_6times;
  22   1        
  23   1        TH0=(65536-50000)/256;  //初始值,50ms
  24   1        TL0=(65536-50000)%256;
  25   1        
  26   1        if(++cnt_100ms == 2)
  27   1        {
  28   2          cnt_100ms = 0;
  29   2          AdGet_Flag = 1;
  30   2          cnt_6times ++;
  31   2        }
  32   1        
  33   1        if(cnt_6times == 7)
  34   1        {
  35   2          cnt_6times = 0;
  36   2          if(++channel == 8)
  37   2          {
  38   3            channel = 0;
  39   3            ad_channel=0xbf00;
  40   3          }
  41   2        }
  42   1      }


MODULE INFORMATION:   STATIC OVERLAYABLE
   CODE SIZE        =     69    ----
   CONSTANT SIZE    =   ----    ----
   XDATA SIZE       =   ----    ----
   PDATA SIZE       =   ----    ----
   DATA SIZE        =      3    ----
   IDATA SIZE       =   ----    ----
   BIT SIZE         =      1    ----
END OF MODULE INFORMATION.


C51 COMPILATION COMPLETE.  0 WARNING(S),  0 ERROR(S)
